This file contains any messages produced by compilers while
running configure, to aid debugging if configure makes a mistake.

It was created by yskip configure 1.0, which was
generated by GNU Autoconf 2.69.  Invocation command line was

  $ ./configure --no-create --no-recursion

## --------- ##
## Platform. ##
## --------- ##

hostname = nlp32.rlab.miniy.yahoo.co.jp
uname -m = x86_64
uname -r = 2.6.32-504.30.3.el6.YAHOO.20150717.17.x86_64
uname -s = Linux
uname -v = #1 SMP Fri Jul 17 00:31:05 UTC 2015

/usr/bin/uname -p = unknown
/bin/uname -X     = unknown

/bin/arch              = x86_64
/usr/bin/arch -k       = unknown
/usr/convex/getsysinfo = unknown
/usr/bin/hostinfo      = unknown
/bin/machine           = unknown
/usr/bin/oslevel       = unknown
/bin/universe          = unknown

PATH: /home/y/bin64
PATH: /home/y/bin
PATH: /usr/lib64/qt-3.3/bin
PATH: /usr/local/bin
PATH: /bin
PATH: /usr/bin
PATH: /home/nkaji/bin
PATH: /usr/local/sbin
PATH: /usr/sbin
PATH: /sbin
PATH: /home/y/bin/
PATH: /home/nkaji/local/bin/
PATH: /home/nkaji/bin
PATH: /home/y/bin/
PATH: /home/nkaji/local/bin/
PATH: /home/y/bin/
PATH: /home/nkaji/local/bin/


## ----------- ##
## Core tests. ##
## ----------- ##

configure:2435: checking build system type
configure:2449: result: x86_64-unknown-linux-gnu
configure:2469: checking host system type
configure:2482: result: x86_64-unknown-linux-gnu
configure:2550: checking for gcc
configure:2566: found /usr/local/bin/gcc
configure:2577: result: gcc
configure:2806: checking for C compiler version
configure:2815: gcc --version >&5
gcc (GCC) 7.2.0
Copyright (C) 2017 Free Software Foundation, Inc.
This is free software; see the source for copying conditions.  There is NO
warranty; not even for MERCHANTABILITY or FITNESS FOR A PARTICULAR PURPOSE.

configure:2826: $? = 0
configure:2815: gcc -v >&5
Using built-in specs.
COLLECT_GCC=gcc
COLLECT_LTO_WRAPPER=/usr/local/libexec/gcc/x86_64-pc-linux-gnu/7.2.0/lto-wrapper
Target: x86_64-pc-linux-gnu
Configured with: ./configure --with-gmp=/usr/local --with-mpc=/usr/local --with-mpfr=/usr/local
Thread model: posix
gcc version 7.2.0 (GCC) 
configure:2826: $? = 0
configure:2815: gcc -V >&5
gcc: error: unrecognized command line option '-V'
gcc: fatal error: no input files
compilation terminated.
configure:2826: $? = 1
configure:2815: gcc -qversion >&5
gcc: error: unrecognized command line option '-qversion'; did you mean '--version'?
gcc: fatal error: no input files
compilation terminated.
configure:2826: $? = 1
configure:2846: checking whether the C compiler works
configure:2868: gcc    conftest.c  >&5
configure:2872: $? = 0
configure:2920: result: yes
configure:2923: checking for C compiler default output file name
configure:2925: result: a.out
configure:2931: checking for suffix of executables
configure:2938: gcc -o conftest    conftest.c  >&5
configure:2942: $? = 0
configure:2964: result: 
configure:2986: checking whether we are cross compiling
configure:2994: gcc -o conftest    conftest.c  >&5
configure:2998: $? = 0
configure:3005: ./conftest
configure:3009: $? = 0
configure:3024: result: no
configure:3029: checking for suffix of object files
configure:3051: gcc -c   conftest.c >&5
configure:3055: $? = 0
configure:3076: result: o
configure:3080: checking whether we are using the GNU C compiler
configure:3099: gcc -c   conftest.c >&5
configure:3099: $? = 0
configure:3108: result: yes
configure:3117: checking whether gcc accepts -g
configure:3137: gcc -c -g  conftest.c >&5
configure:3137: $? = 0
configure:3178: result: yes
configure:3195: checking for gcc option to accept ISO C89
configure:3258: gcc  -c -g -O2  conftest.c >&5
configure:3258: $? = 0
configure:3271: result: none needed
configure:3291: checking for a sed that does not truncate output
configure:3355: result: /bin/sed
configure:3373: checking for grep that handles long lines and -e
configure:3431: result: /bin/grep
configure:3436: checking for egrep
configure:3498: result: /bin/grep -E
configure:3503: checking for fgrep
configure:3565: result: /bin/grep -F
configure:3600: checking for ld used by gcc
configure:3667: result: /usr/bin/ld
configure:3674: checking if the linker (/usr/bin/ld) is GNU ld
configure:3689: result: yes
configure:3701: checking for BSD- or MS-compatible name lister (nm)
configure:3750: result: /usr/bin/nm -B
configure:3868: checking the name lister (/usr/bin/nm -B) interface
configure:3875: gcc -c -g -O2  conftest.c >&5
configure:3878: /usr/bin/nm -B "conftest.o"
configure:3881: output
0000000000000000 B some_variable
configure:3888: result: BSD nm
configure:3891: checking whether ln -s works
configure:3895: result: yes
configure:3903: checking the maximum length of command line arguments
configure:4023: result: 1966080
configure:4040: checking whether the shell understands some XSI constructs
configure:4050: result: yes
configure:4054: checking whether the shell understands "+="
configure:4060: result: yes
configure:4095: checking for /usr/bin/ld option to reload object files
configure:4102: result: -r
configure:4171: checking for objdump
configure:4187: found /usr/bin/objdump
configure:4198: result: objdump
configure:4230: checking how to recognize dependent libraries
configure:4426: result: pass_all
configure:4486: checking for ar
configure:4502: found /usr/bin/ar
configure:4513: result: ar
configure:4591: checking for strip
configure:4607: found /usr/bin/strip
configure:4618: result: strip
configure:4690: checking for ranlib
configure:4706: found /usr/bin/ranlib
configure:4717: result: ranlib
configure:4807: checking command to parse /usr/bin/nm -B output from gcc object
configure:4925: gcc -c -g -O2  conftest.c >&5
configure:4928: $? = 0
configure:4932: /usr/bin/nm -B conftest.o \| sed -n -e 's/^.*[	 ]\([ABCDGIRSTW][ABCDGIRSTW]*\)[	 ][	 ]*\([_A-Za-z][_A-Za-z0-9]*\)$/\1 \2 \2/p' \> conftest.nm
configure:4935: $? = 0
configure:4989: gcc -o conftest -g -O2   conftest.c conftstm.o >&5
configure:4992: $? = 0
configure:5030: result: ok
configure:5126: gcc -c -g -O2  conftest.c >&5
configure:5129: $? = 0
configure:5839: checking how to run the C preprocessor
configure:5870: gcc -E  conftest.c
configure:5870: $? = 0
configure:5884: gcc -E  conftest.c
conftest.c:9:10: fatal error: ac_nonexistent.h: No such file or directory
 #include <ac_nonexistent.h>
          ^~~~~~~~~~~~~~~~~~
compilation terminated.
configure:5884: $? = 1
configure: failed program was:
| /* confdefs.h */
| #define PACKAGE_NAME "yskip"
| #define PACKAGE_TARNAME "yskip"
| #define PACKAGE_VERSION "1.0"
| #define PACKAGE_STRING "yskip 1.0"
| #define PACKAGE_BUGREPORT "nkaji@yahoo-corp.jp"
| #define PACKAGE_URL ""
| /* end confdefs.h.  */
| #include <ac_nonexistent.h>
configure:5909: result: gcc -E
configure:5929: gcc -E  conftest.c
configure:5929: $? = 0
configure:5943: gcc -E  conftest.c
conftest.c:9:10: fatal error: ac_nonexistent.h: No such file or directory
 #include <ac_nonexistent.h>
          ^~~~~~~~~~~~~~~~~~
compilation terminated.
configure:5943: $? = 1
configure: failed program was:
| /* confdefs.h */
| #define PACKAGE_NAME "yskip"
| #define PACKAGE_TARNAME "yskip"
| #define PACKAGE_VERSION "1.0"
| #define PACKAGE_STRING "yskip 1.0"
| #define PACKAGE_BUGREPORT "nkaji@yahoo-corp.jp"
| #define PACKAGE_URL ""
| /* end confdefs.h.  */
| #include <ac_nonexistent.h>
configure:5972: checking for ANSI C header files
configure:5992: gcc -c -g -O2  conftest.c >&5
configure:5992: $? = 0
configure:6065: gcc -o conftest -g -O2   conftest.c  >&5
configure:6065: $? = 0
configure:6065: ./conftest
configure:6065: $? = 0
configure:6076: result: yes
configure:6089: checking for sys/types.h
configure:6089: gcc -c -g -O2  conftest.c >&5
configure:6089: $? = 0
configure:6089: result: yes
configure:6089: checking for sys/stat.h
configure:6089: gcc -c -g -O2  conftest.c >&5
configure:6089: $? = 0
configure:6089: result: yes
configure:6089: checking for stdlib.h
configure:6089: gcc -c -g -O2  conftest.c >&5
configure:6089: $? = 0
configure:6089: result: yes
configure:6089: checking for string.h
configure:6089: gcc -c -g -O2  conftest.c >&5
configure:6089: $? = 0
configure:6089: result: yes
configure:6089: checking for memory.h
configure:6089: gcc -c -g -O2  conftest.c >&5
configure:6089: $? = 0
configure:6089: result: yes
configure:6089: checking for strings.h
configure:6089: gcc -c -g -O2  conftest.c >&5
configure:6089: $? = 0
configure:6089: result: yes
configure:6089: checking for inttypes.h
configure:6089: gcc -c -g -O2  conftest.c >&5
configure:6089: $? = 0
configure:6089: result: yes
configure:6089: checking for stdint.h
configure:6089: gcc -c -g -O2  conftest.c >&5
configure:6089: $? = 0
configure:6089: result: yes
configure:6089: checking for unistd.h
configure:6089: gcc -c -g -O2  conftest.c >&5
configure:6089: $? = 0
configure:6089: result: yes
configure:6103: checking for dlfcn.h
configure:6103: gcc -c -g -O2  conftest.c >&5
configure:6103: $? = 0
configure:6103: result: yes
configure:6287: checking for objdir
configure:6302: result: .libs
configure:6594: checking if gcc supports -fno-rtti -fno-exceptions
configure:6612: gcc -c -g -O2  -fno-rtti -fno-exceptions conftest.c >&5
cc1: warning: command line option '-fno-rtti' is valid for C++/ObjC++ but not for C
configure:6616: $? = 0
configure:6629: result: no
configure:6649: checking for gcc option to produce PIC
configure:6921: result: -fPIC -DPIC
configure:6933: checking if gcc PIC flag -fPIC -DPIC works
configure:6951: gcc -c -g -O2  -fPIC -DPIC -DPIC conftest.c >&5
configure:6955: $? = 0
configure:6968: result: yes
configure:6992: checking if gcc static flag -static works
configure:7020: result: no
configure:7035: checking if gcc supports -c -o file.o
configure:7056: gcc -c -g -O2  -o out/conftest2.o conftest.c >&5
configure:7060: $? = 0
configure:7082: result: yes
configure:7090: checking if gcc supports -c -o file.o
configure:7137: result: yes
configure:7170: checking whether the gcc linker (/usr/bin/ld -m elf_x86_64) supports shared libraries
configure:8156: result: yes
configure:8193: checking whether -lc should be explicitly linked in
configure:8198: gcc -c -g -O2  conftest.c >&5
configure:8201: $? = 0
configure:8216: gcc -shared conftest.o  -v -Wl,-soname -Wl,conftest -o conftest 2\>\&1 \| /bin/grep  -lc  \>/dev/null 2\>\&1
configure:8219: $? = 0
configure:8231: result: no
configure:8395: checking dynamic linker characteristics
configure:8828: gcc -o conftest -g -O2   -Wl,-rpath -Wl,/foo conftest.c  >&5
configure:8828: $? = 0
configure:9049: result: GNU/Linux ld.so
configure:9151: checking how to hardcode library paths into programs
configure:9176: result: immediate
configure:9696: checking whether stripping libraries is possible
configure:9701: result: yes
configure:9736: checking if libtool supports shared libraries
configure:9738: result: yes
configure:9741: checking whether to build shared libraries
configure:9762: result: yes
configure:9765: checking whether to build static libraries
configure:9769: result: yes
configure:9820: checking for a BSD-compatible install
configure:9888: result: /usr/bin/install -c
configure:9899: checking whether build environment is sane
configure:9949: result: yes
configure:10090: checking for a thread-safe mkdir -p
configure:10129: result: /bin/mkdir -p
configure:10142: checking for gawk
configure:10158: found /bin/gawk
configure:10169: result: gawk
configure:10180: checking whether make sets $(MAKE)
configure:10202: result: yes
configure:10232: checking for style of include used by make
configure:10260: result: GNU
configure:10345: checking dependency style of gcc
configure:10455: result: gcc3
configure:10531: checking for g++
configure:10547: found /usr/local/bin/g++
configure:10558: result: g++
configure:10585: checking for C++ compiler version
configure:10594: g++ --version >&5
g++ (GCC) 7.2.0
Copyright (C) 2017 Free Software Foundation, Inc.
This is free software; see the source for copying conditions.  There is NO
warranty; not even for MERCHANTABILITY or FITNESS FOR A PARTICULAR PURPOSE.

configure:10605: $? = 0
configure:10594: g++ -v >&5
Using built-in specs.
COLLECT_GCC=g++
COLLECT_LTO_WRAPPER=/usr/local/libexec/gcc/x86_64-pc-linux-gnu/7.2.0/lto-wrapper
Target: x86_64-pc-linux-gnu
Configured with: ./configure --with-gmp=/usr/local --with-mpc=/usr/local --with-mpfr=/usr/local
Thread model: posix
gcc version 7.2.0 (GCC) 
configure:10605: $? = 0
configure:10594: g++ -V >&5
g++: error: unrecognized command line option '-V'
g++: fatal error: no input files
compilation terminated.
configure:10605: $? = 1
configure:10594: g++ -qversion >&5
g++: error: unrecognized command line option '-qversion'; did you mean '--version'?
g++: fatal error: no input files
compilation terminated.
configure:10605: $? = 1
configure:10609: checking whether we are using the GNU C++ compiler
configure:10628: g++ -c   conftest.cpp >&5
configure:10628: $? = 0
configure:10637: result: yes
configure:10646: checking whether g++ accepts -g
configure:10666: g++ -c -g  conftest.cpp >&5
configure:10666: $? = 0
configure:10707: result: yes
configure:10843: checking for C++ compiler version
configure:10852: g++ --version >&5
g++ (GCC) 7.2.0
Copyright (C) 2017 Free Software Foundation, Inc.
This is free software; see the source for copying conditions.  There is NO
warranty; not even for MERCHANTABILITY or FITNESS FOR A PARTICULAR PURPOSE.

configure:10863: $? = 0
configure:10852: g++ -v >&5
Using built-in specs.
COLLECT_GCC=g++
COLLECT_LTO_WRAPPER=/usr/local/libexec/gcc/x86_64-pc-linux-gnu/7.2.0/lto-wrapper
Target: x86_64-pc-linux-gnu
Configured with: ./configure --with-gmp=/usr/local --with-mpc=/usr/local --with-mpfr=/usr/local
Thread model: posix
gcc version 7.2.0 (GCC) 
configure:10863: $? = 0
configure:10852: g++ -V >&5
g++: error: unrecognized command line option '-V'
g++: fatal error: no input files
compilation terminated.
configure:10863: $? = 1
configure:10852: g++ -qversion >&5
g++: error: unrecognized command line option '-qversion'; did you mean '--version'?
g++: fatal error: no input files
compilation terminated.
configure:10863: $? = 1
configure:10867: checking whether we are using the GNU C++ compiler
configure:10895: result: yes
configure:10904: checking whether g++ accepts -g
configure:10965: result: yes
configure:10990: checking dependency style of g++
configure:11100: result: gcc3
configure:11123: checking how to run the C++ preprocessor
configure:11150: g++ -E  conftest.cpp
configure:11150: $? = 0
configure:11164: g++ -E  conftest.cpp
conftest.cpp:23:10: fatal error: ac_nonexistent.h: No such file or directory
 #include <ac_nonexistent.h>
          ^~~~~~~~~~~~~~~~~~
compilation terminated.
configure:11164: $? = 1
configure: failed program was:
| /* confdefs.h */
| #define PACKAGE_NAME "yskip"
| #define PACKAGE_TARNAME "yskip"
| #define PACKAGE_VERSION "1.0"
| #define PACKAGE_STRING "yskip 1.0"
| #define PACKAGE_BUGREPORT "nkaji@yahoo-corp.jp"
| #define PACKAGE_URL ""
| #define STDC_HEADERS 1
| #define HAVE_SYS_TYPES_H 1
| #define HAVE_SYS_STAT_H 1
| #define HAVE_STDLIB_H 1
| #define HAVE_STRING_H 1
| #define HAVE_MEMORY_H 1
| #define HAVE_STRINGS_H 1
| #define HAVE_INTTYPES_H 1
| #define HAVE_STDINT_H 1
| #define HAVE_UNISTD_H 1
| #define HAVE_DLFCN_H 1
| #define LT_OBJDIR ".libs/"
| #define PACKAGE "yskip"
| #define VERSION "1.0"
| /* end confdefs.h.  */
| #include <ac_nonexistent.h>
configure:11189: result: g++ -E
configure:11209: g++ -E  conftest.cpp
configure:11209: $? = 0
configure:11223: g++ -E  conftest.cpp
conftest.cpp:23:10: fatal error: ac_nonexistent.h: No such file or directory
 #include <ac_nonexistent.h>
          ^~~~~~~~~~~~~~~~~~
compilation terminated.
configure:11223: $? = 1
configure: failed program was:
| /* confdefs.h */
| #define PACKAGE_NAME "yskip"
| #define PACKAGE_TARNAME "yskip"
| #define PACKAGE_VERSION "1.0"
| #define PACKAGE_STRING "yskip 1.0"
| #define PACKAGE_BUGREPORT "nkaji@yahoo-corp.jp"
| #define PACKAGE_URL ""
| #define STDC_HEADERS 1
| #define HAVE_SYS_TYPES_H 1
| #define HAVE_SYS_STAT_H 1
| #define HAVE_STDLIB_H 1
| #define HAVE_STRING_H 1
| #define HAVE_MEMORY_H 1
| #define HAVE_STRINGS_H 1
| #define HAVE_INTTYPES_H 1
| #define HAVE_STDINT_H 1
| #define HAVE_UNISTD_H 1
| #define HAVE_DLFCN_H 1
| #define LT_OBJDIR ".libs/"
| #define PACKAGE "yskip"
| #define VERSION "1.0"
| /* end confdefs.h.  */
| #include <ac_nonexistent.h>
configure:11391: checking for ld used by g++
configure:11458: result: /usr/bin/ld -m elf_x86_64
configure:11465: checking if the linker (/usr/bin/ld -m elf_x86_64) is GNU ld
configure:11480: result: yes
configure:11535: checking whether the g++ linker (/usr/bin/ld -m elf_x86_64) supports shared libraries
configure:12448: result: yes
configure:12476: g++ -c -g -O2  conftest.cpp >&5
configure:12479: $? = 0
configure:12661: checking for g++ option to produce PIC
configure:12978: result: -fPIC -DPIC
configure:12987: checking if g++ PIC flag -fPIC -DPIC works
configure:13005: g++ -c -g -O2  -fPIC -DPIC -DPIC conftest.cpp >&5
configure:13009: $? = 0
configure:13022: result: yes
configure:13043: checking if g++ static flag -static works
configure:13071: result: no
configure:13083: checking if g++ supports -c -o file.o
configure:13104: g++ -c -g -O2  -o out/conftest2.o conftest.cpp >&5
configure:13108: $? = 0
configure:13130: result: yes
configure:13135: checking if g++ supports -c -o file.o
configure:13182: result: yes
configure:13212: checking whether the g++ linker (/usr/bin/ld -m elf_x86_64) supports shared libraries
configure:13238: result: yes
configure:13375: checking dynamic linker characteristics
configure:13756: g++ -o conftest -g -O2   -Wl,-rpath -Wl,/foo conftest.cpp  >&5
configure:13756: $? = 0
configure:13977: result: GNU/Linux ld.so
configure:14028: checking how to hardcode library paths into programs
configure:14053: result: immediate
configure:14094: checking dependency style of g++
configure:14204: result: gcc3
configure:14267: checking for gcc
configure:14294: result: gcc
configure:14523: checking for C compiler version
configure:14532: gcc --version >&5
gcc (GCC) 7.2.0
Copyright (C) 2017 Free Software Foundation, Inc.
This is free software; see the source for copying conditions.  There is NO
warranty; not even for MERCHANTABILITY or FITNESS FOR A PARTICULAR PURPOSE.

configure:14543: $? = 0
configure:14532: gcc -v >&5
Using built-in specs.
COLLECT_GCC=gcc
COLLECT_LTO_WRAPPER=/usr/local/libexec/gcc/x86_64-pc-linux-gnu/7.2.0/lto-wrapper
Target: x86_64-pc-linux-gnu
Configured with: ./configure --with-gmp=/usr/local --with-mpc=/usr/local --with-mpfr=/usr/local
Thread model: posix
gcc version 7.2.0 (GCC) 
configure:14543: $? = 0
configure:14532: gcc -V >&5
gcc: error: unrecognized command line option '-V'
gcc: fatal error: no input files
compilation terminated.
configure:14543: $? = 1
configure:14532: gcc -qversion >&5
gcc: error: unrecognized command line option '-qversion'; did you mean '--version'?
gcc: fatal error: no input files
compilation terminated.
configure:14543: $? = 1
configure:14547: checking whether we are using the GNU C compiler
configure:14575: result: yes
configure:14584: checking whether gcc accepts -g
configure:14645: result: yes
configure:14662: checking for gcc option to accept ISO C89
configure:14738: result: none needed
configure:14909: creating ./config.status

## ---------------- ##
## Cache variables. ##
## ---------------- ##

ac_cv_build=x86_64-unknown-linux-gnu
ac_cv_c_compiler_gnu=yes
ac_cv_cxx_compiler_gnu=yes
ac_cv_env_CCC_set=
ac_cv_env_CCC_value=
ac_cv_env_CC_set=
ac_cv_env_CC_value=
ac_cv_env_CFLAGS_set=
ac_cv_env_CFLAGS_value=
ac_cv_env_CPPFLAGS_set=
ac_cv_env_CPPFLAGS_value=
ac_cv_env_CPP_set=
ac_cv_env_CPP_value=
ac_cv_env_CXXCPP_set=
ac_cv_env_CXXCPP_value=
ac_cv_env_CXXFLAGS_set=
ac_cv_env_CXXFLAGS_value=
ac_cv_env_CXX_set=
ac_cv_env_CXX_value=
ac_cv_env_LDFLAGS_set=
ac_cv_env_LDFLAGS_value=
ac_cv_env_LIBS_set=
ac_cv_env_LIBS_value=
ac_cv_env_build_alias_set=
ac_cv_env_build_alias_value=
ac_cv_env_host_alias_set=
ac_cv_env_host_alias_value=
ac_cv_env_target_alias_set=
ac_cv_env_target_alias_value=
ac_cv_header_dlfcn_h=yes
ac_cv_header_inttypes_h=yes
ac_cv_header_memory_h=yes
ac_cv_header_stdc=yes
ac_cv_header_stdint_h=yes
ac_cv_header_stdlib_h=yes
ac_cv_header_string_h=yes
ac_cv_header_strings_h=yes
ac_cv_header_sys_stat_h=yes
ac_cv_header_sys_types_h=yes
ac_cv_header_unistd_h=yes
ac_cv_host=x86_64-unknown-linux-gnu
ac_cv_objext=o
ac_cv_path_EGREP='/bin/grep -E'
ac_cv_path_FGREP='/bin/grep -F'
ac_cv_path_GREP=/bin/grep
ac_cv_path_SED=/bin/sed
ac_cv_path_install='/usr/bin/install -c'
ac_cv_path_mkdir=/bin/mkdir
ac_cv_prog_AWK=gawk
ac_cv_prog_CPP='gcc -E'
ac_cv_prog_CXXCPP='g++ -E'
ac_cv_prog_ac_ct_AR=ar
ac_cv_prog_ac_ct_CC=gcc
ac_cv_prog_ac_ct_CXX=g++
ac_cv_prog_ac_ct_OBJDUMP=objdump
ac_cv_prog_ac_ct_RANLIB=ranlib
ac_cv_prog_ac_ct_STRIP=strip
ac_cv_prog_cc_c89=
ac_cv_prog_cc_g=yes
ac_cv_prog_cxx_g=yes
ac_cv_prog_make_make_set=yes
am_cv_CC_dependencies_compiler_type=gcc3
am_cv_CXX_dependencies_compiler_type=gcc3
lt_cv_deplibs_check_method=pass_all
lt_cv_file_magic_cmd='$MAGIC_CMD'
lt_cv_file_magic_test_file=
lt_cv_ld_reload_flag=-r
lt_cv_nm_interface='BSD nm'
lt_cv_objdir=.libs
lt_cv_path_LD=/usr/bin/ld
lt_cv_path_LDCXX='/usr/bin/ld -m elf_x86_64'
lt_cv_path_NM='/usr/bin/nm -B'
lt_cv_prog_compiler_c_o=yes
lt_cv_prog_compiler_c_o_CXX=yes
lt_cv_prog_compiler_pic_works=yes
lt_cv_prog_compiler_pic_works_CXX=yes
lt_cv_prog_compiler_rtti_exceptions=no
lt_cv_prog_compiler_static_works=no
lt_cv_prog_compiler_static_works_CXX=no
lt_cv_prog_gnu_ld=yes
lt_cv_prog_gnu_ldcxx=yes
lt_cv_sys_global_symbol_pipe='sed -n -e '\''s/^.*[	 ]\([ABCDGIRSTW][ABCDGIRSTW]*\)[	 ][	 ]*\([_A-Za-z][_A-Za-z0-9]*\)$/\1 \2 \2/p'\'''
lt_cv_sys_global_symbol_to_c_name_address='sed -n -e '\''s/^: \([^ ]*\) $/  {\"\1\", (void *) 0},/p'\'' -e '\''s/^[ABCDGIRSTW]* \([^ ]*\) \([^ ]*\)$/  {"\2", (void *) \&\2},/p'\'''
lt_cv_sys_global_symbol_to_c_name_address_lib_prefix='sed -n -e '\''s/^: \([^ ]*\) $/  {\"\1\", (void *) 0},/p'\'' -e '\''s/^[ABCDGIRSTW]* \([^ ]*\) \(lib[^ ]*\)$/  {"\2", (void *) \&\2},/p'\'' -e '\''s/^[ABCDGIRSTW]* \([^ ]*\) \([^ ]*\)$/  {"lib\2", (void *) \&\2},/p'\'''
lt_cv_sys_global_symbol_to_cdecl='sed -n -e '\''s/^T .* \(.*\)$/extern int \1();/p'\'' -e '\''s/^[ABCDGIRSTW]* .* \(.*\)$/extern char \1;/p'\'''
lt_cv_sys_max_cmd_len=1966080

## ----------------- ##
## Output variables. ##
## ----------------- ##

ACLOCAL='${SHELL} /home/nkaji/work/yskip/missing --run aclocal-1.11'
AMDEPBACKSLASH='\'
AMDEP_FALSE='#'
AMDEP_TRUE=''
AMTAR='${SHELL} /home/nkaji/work/yskip/missing --run tar'
AR='ar'
AUTOCONF='${SHELL} /home/nkaji/work/yskip/missing --run autoconf'
AUTOHEADER='${SHELL} /home/nkaji/work/yskip/missing --run autoheader'
AUTOMAKE='${SHELL} /home/nkaji/work/yskip/missing --run automake-1.11'
AWK='gawk'
CC='gcc'
CCDEPMODE='depmode=gcc3'
CFLAGS='-g -O2'
CPP='gcc -E'
CPPFLAGS=''
CXX='g++'
CXXCPP='g++ -E'
CXXDEPMODE='depmode=gcc3'
CXXFLAGS='-std=c++0x -O3 -funroll-loops -pthread'
CYGPATH_W='echo'
DEFS='-DHAVE_CONFIG_H'
DEPDIR='.deps'
DSYMUTIL=''
DUMPBIN=''
ECHO_C=''
ECHO_N='-n'
ECHO_T=''
EGREP='/bin/grep -E'
EXEEXT=''
FGREP='/bin/grep -F'
GREP='/bin/grep'
INSTALL_DATA='${INSTALL} -m 644'
INSTALL_PROGRAM='${INSTALL}'
INSTALL_SCRIPT='${INSTALL}'
INSTALL_STRIP_PROGRAM='$(install_sh) -c -s'
LD='/usr/bin/ld -m elf_x86_64'
LDFLAGS=''
LIBOBJS=''
LIBS=''
LIBTOOL='$(SHELL) $(top_builddir)/libtool'
LIPO=''
LN_S='ln -s'
LTLIBOBJS=''
MAKEINFO='${SHELL} /home/nkaji/work/yskip/missing --run makeinfo'
MKDIR_P='/bin/mkdir -p'
NM='/usr/bin/nm -B'
NMEDIT=''
OBJDUMP='objdump'
OBJEXT='o'
OTOOL64=''
OTOOL=''
PACKAGE='yskip'
PACKAGE_BUGREPORT='nkaji@yahoo-corp.jp'
PACKAGE_NAME='yskip'
PACKAGE_STRING='yskip 1.0'
PACKAGE_TARNAME='yskip'
PACKAGE_URL=''
PACKAGE_VERSION='1.0'
PATH_SEPARATOR=':'
RANLIB='ranlib'
SED='/bin/sed'
SET_MAKE=''
SHELL='/bin/sh'
STRIP='strip'
VERSION='1.0'
ac_ct_CC='gcc'
ac_ct_CXX='g++'
ac_ct_DUMPBIN=''
am__EXEEXT_FALSE=''
am__EXEEXT_TRUE='#'
am__fastdepCC_FALSE='#'
am__fastdepCC_TRUE=''
am__fastdepCXX_FALSE='#'
am__fastdepCXX_TRUE=''
am__include='include'
am__isrc=''
am__leading_dot='.'
am__quote=''
am__tar='${AMTAR} chof - "$$tardir"'
am__untar='${AMTAR} xf -'
bindir='${exec_prefix}/bin'
build='x86_64-unknown-linux-gnu'
build_alias=''
build_cpu='x86_64'
build_os='linux-gnu'
build_vendor='unknown'
datadir='${datarootdir}'
datarootdir='${prefix}/share'
docdir='${datarootdir}/doc/${PACKAGE_TARNAME}'
dvidir='${docdir}'
exec_prefix='${prefix}'
host='x86_64-unknown-linux-gnu'
host_alias=''
host_cpu='x86_64'
host_os='linux-gnu'
host_vendor='unknown'
htmldir='${docdir}'
includedir='${prefix}/include'
infodir='${datarootdir}/info'
install_sh='${SHELL} /home/nkaji/work/yskip/install-sh'
libdir='${exec_prefix}/lib'
libexecdir='${exec_prefix}/libexec'
localedir='${datarootdir}/locale'
localstatedir='${prefix}/var'
lt_ECHO='echo'
mandir='${datarootdir}/man'
mkdir_p='/bin/mkdir -p'
oldincludedir='/usr/include'
pdfdir='${docdir}'
prefix='/usr/local'
program_transform_name='s,x,x,'
psdir='${docdir}'
sbindir='${exec_prefix}/sbin'
sharedstatedir='${prefix}/com'
sysconfdir='${prefix}/etc'
target_alias=''

## ----------- ##
## confdefs.h. ##
## ----------- ##

/* confdefs.h */
#define PACKAGE_NAME "yskip"
#define PACKAGE_TARNAME "yskip"
#define PACKAGE_VERSION "1.0"
#define PACKAGE_STRING "yskip 1.0"
#define PACKAGE_BUGREPORT "nkaji@yahoo-corp.jp"
#define PACKAGE_URL ""
#define STDC_HEADERS 1
#define HAVE_SYS_TYPES_H 1
#define HAVE_SYS_STAT_H 1
#define HAVE_STDLIB_H 1
#define HAVE_STRING_H 1
#define HAVE_MEMORY_H 1
#define HAVE_STRINGS_H 1
#define HAVE_INTTYPES_H 1
#define HAVE_STDINT_H 1
#define HAVE_UNISTD_H 1
#define HAVE_DLFCN_H 1
#define LT_OBJDIR ".libs/"
#define PACKAGE "yskip"
#define VERSION "1.0"

configure: exit 0

## ---------------------- ##
## Running config.status. ##
## ---------------------- ##

This file was extended by yskip config.status 1.0, which was
generated by GNU Autoconf 2.69.  Invocation command line was

  CONFIG_FILES    = 
  CONFIG_HEADERS  = 
  CONFIG_LINKS    = 
  CONFIG_COMMANDS = 
  $ ./config.status 

on nlp32.rlab.miniy.yahoo.co.jp

config.status:1123: creating Makefile
config.status:1123: creating src/Makefile
config.status:1123: creating test/Makefile
config.status:1123: creating config.h
config.status:1304: config.h is unchanged
config.status:1352: executing libtool commands
config.status:1352: executing depfiles commands

## ---------------------- ##
## Running config.status. ##
## ---------------------- ##

This file was extended by yskip config.status 1.0, which was
generated by GNU Autoconf 2.69.  Invocation command line was

  CONFIG_FILES    = 
  CONFIG_HEADERS  = 
  CONFIG_LINKS    = 
  CONFIG_COMMANDS = 
  $ ./config.status config.h

on nlp32.rlab.miniy.yahoo.co.jp

config.status:1123: creating config.h
